<?xml version="1.0" encoding="UTF-8"?>
<!-- Generated by org.testng.reporters.JUnitReportReporter -->
<testsuite hostname="DESKTOP-2CIGIQL" failures="0" tests="4" name="api.testcases.UserTest2" time="11.302" errors="0" timestamp="2024-01-08T02:23:27 IST" skipped="0">
  <testcase classname="api.testcases.UserTest2" name="testCreateUser" time="5.366"/>
  <system-out/>
  <testcase classname="api.testcases.UserTest2" name="testGetUserData" time="1.545"/>
  <system-out/>
  <testcase classname="api.testcases.UserTest2" name="testUpdateUser" time="2.940"/>
  <system-out/>
  <testcase classname="api.testcases.UserTest2" name="testDeleteUser" time="1.451"/>
  <system-out/>
</testsuite> <!-- api.testcases.UserTest2 -->
