<?xml version="1.0" encoding="UTF-8"?>
<!-- Generated by org.testng.reporters.JUnitReportReporter -->
<testsuite hostname="DESKTOP-2CIGIQL" failures="0" tests="4" name="api.testcases.UserTest" time="11.417" errors="0" timestamp="2024-01-08T02:05:06 IST" skipped="0">
  <testcase classname="api.testcases.UserTest" name="testCreateUser" time="5.395"/>
  <system-out/>
  <testcase classname="api.testcases.UserTest" name="testGetUserData" time="1.551"/>
  <system-out/>
  <testcase classname="api.testcases.UserTest" name="testUpdateUser" time="3.050"/>
  <system-out/>
  <testcase classname="api.testcases.UserTest" name="testDeleteUser" time="1.421"/>
  <system-out/>
</testsuite> <!-- api.testcases.UserTest -->
