<?xml version="1.0" encoding="UTF-8"?>
<!-- Generated by org.testng.reporters.JUnitReportReporter -->
<testsuite hostname="DESKTOP-2CIGIQL" failures="0" tests="4" name="api.testcases.UserTest" time="11.739" errors="0" timestamp="2024-01-08T13:09:35 IST" skipped="0">
  <testcase classname="api.testcases.UserTest" name="testCreateUser" time="5.872"/>
  <system-out/>
  <testcase classname="api.testcases.UserTest" name="testGetUserData" time="1.524"/>
  <system-out/>
  <testcase classname="api.testcases.UserTest" name="testUpdateUser" time="2.947"/>
  <system-out/>
  <testcase classname="api.testcases.UserTest" name="testDeleteUser" time="1.396"/>
  <system-out/>
</testsuite> <!-- api.testcases.UserTest -->
